<?xml version="1.0" encoding="UTF-8"?>
<!-- Generated by org.testng.reporters.JUnitXMLReporter -->
<testsuite hostname="DESKTOP-SSFTVS8" name="Regression" tests="1" failures="1" timestamp="23 Jun 2019 07:51:18 GMT" time="42.349" errors="0">
  <testcase name="testForgot" time="27.545" classname="com.demoapi.testcases.LoginTest">
    <failure type="org.openqa.selenium.NoSuchElementException" message="An element could not be located on the page using the given search parameters. (WARNING: The server did not provide any stacktrace information)
Command duration or timeout: 10.54 seconds
For documentation on this error, please visit: http://seleniumhq.org/exceptions/no_such_element.html
Build info: version: &amp;apos;3.0.1&amp;apos;, revision: &amp;apos;1969d75&amp;apos;, time: &amp;apos;2016-10-18 09:49:13 -0700&amp;apos;
System info: host: &amp;apos;DESKTOP-SSFTVS8&amp;apos;, ip: &amp;apos;192.168.1.218&amp;apos;, os.name: &amp;apos;Windows 10&amp;apos;, os.arch: &amp;apos;amd64&amp;apos;, os.version: &amp;apos;10.0&amp;apos;, java.version: &amp;apos;1.8.0_161&amp;apos;
Driver info: io.appium.java_client.android.AndroidDriver
Capabilities [{app=C:\Users\Sandeep\Desktop\appiumframework\demoapi\app\ApiDemos.apk, appPackage=io.appium.android.apis, deviceScreenSize=540x960, networkConnectionEnabled=true, noReset=false, warnings={}, appWaitPackage=io.appium.android.apis, appWaitActivity=io.appium.android.apis.ApiDemos, newCommandTimeOut=5, databaseEnabled=false, deviceName=4200302e066f75eb, platform=LINUX, deviceUDID=4200302e066f75eb, appActivity=io.appium.android.apis.ApiDemos, desired={app=C:\Users\Sandeep\Desktop\appiumframework\demoapi\app\ApiDemos.apk, noReset=false, platformVersion=8.1.0, automationName=Appium, newCommandTimeOut=5, platformName=Android, deviceName=SM-J260G}, platformVersion=8.1.0, webStorageEnabled=false, locationContextEnabled=false, automationName=Appium, takesScreenshot=true, javascriptEnabled=true, deviceModel=SM-J260G, platformName=Android, deviceManufacturer=samsung}]
Session ID: 14887367-197d-4bc6-b3a2-3c5697ba6ebb
*** Element info: {Using=xpath, value=//*[contains(@text,&amp;apos;Accessibility&amp;apos;)]}">
      <![CDATA[org.openqa.selenium.NoSuchElementException: An element could not be located on the page using the given search parameters. (WARNING: The server did not provide any stacktrace information)
Command duration or timeout: 10.54 seconds
For documentation on this error, please visit: http://seleniumhq.org/exceptions/no_such_element.html
Build info: version: '3.0.1', revision: '1969d75', time: '2016-10-18 09:49:13 -0700'
System info: host: 'DESKTOP-SSFTVS8', ip: '192.168.1.218', os.name: 'Windows 10', os.arch: 'amd64', os.version: '10.0', java.version: '1.8.0_161'
Driver info: io.appium.java_client.android.AndroidDriver
Capabilities [{app=C:\Users\Sandeep\Desktop\appiumframework\demoapi\app\ApiDemos.apk, appPackage=io.appium.android.apis, deviceScreenSize=540x960, networkConnectionEnabled=true, noReset=false, warnings={}, appWaitPackage=io.appium.android.apis, appWaitActivity=io.appium.android.apis.ApiDemos, newCommandTimeOut=5, databaseEnabled=false, deviceName=4200302e066f75eb, platform=LINUX, deviceUDID=4200302e066f75eb, appActivity=io.appium.android.apis.ApiDemos, desired={app=C:\Users\Sandeep\Desktop\appiumframework\demoapi\app\ApiDemos.apk, noReset=false, platformVersion=8.1.0, automationName=Appium, newCommandTimeOut=5, platformName=Android, deviceName=SM-J260G}, platformVersion=8.1.0, webStorageEnabled=false, locationContextEnabled=false, automationName=Appium, takesScreenshot=true, javascriptEnabled=true, deviceModel=SM-J260G, platformName=Android, deviceManufacturer=samsung}]
Session ID: 14887367-197d-4bc6-b3a2-3c5697ba6ebb
*** Element info: {Using=xpath, value=//*[contains(@text,'Accessibility')]}
	at org.openqa.selenium.remote.ErrorHandler.createThrowable(ErrorHandler.java:216)
	at org.openqa.selenium.remote.ErrorHandler.throwIfResponseFailed(ErrorHandler.java:168)
	at org.openqa.selenium.remote.RemoteWebDriver.execute(RemoteWebDriver.java:635)
	at io.appium.java_client.DefaultGenericMobileDriver.execute(DefaultGenericMobileDriver.java:40)
	at io.appium.java_client.AppiumDriver.execute(AppiumDriver.java:1)
	at io.appium.java_client.android.AndroidDriver.execute(AndroidDriver.java:1)
	at org.openqa.selenium.remote.RemoteWebDriver.findElement(RemoteWebDriver.java:368)
	at io.appium.java_client.DefaultGenericMobileDriver.findElement(DefaultGenericMobileDriver.java:56)
	at io.appium.java_client.AppiumDriver.findElement(AppiumDriver.java:1)
	at io.appium.java_client.android.AndroidDriver.findElement(AndroidDriver.java:1)
	at org.openqa.selenium.remote.RemoteWebDriver.findElementByXPath(RemoteWebDriver.java:473)
	at io.appium.java_client.DefaultGenericMobileDriver.findElementByXPath(DefaultGenericMobileDriver.java:134)
	at io.appium.java_client.AppiumDriver.findElementByXPath(AppiumDriver.java:1)
	at io.appium.java_client.android.AndroidDriver.findElementByXPath(AndroidDriver.java:1)
	at org.openqa.selenium.By$ByXPath.findElement(By.java:361)
	at org.openqa.selenium.remote.RemoteWebDriver.findElement(RemoteWebDriver.java:360)
	at io.appium.java_client.DefaultGenericMobileDriver.findElement(DefaultGenericMobileDriver.java:52)
	at io.appium.java_client.AppiumDriver.findElement(AppiumDriver.java:1)
	at io.appium.java_client.android.AndroidDriver.findElement(AndroidDriver.java:1)
	at org.openqa.selenium.support.pagefactory.DefaultElementLocator.findElement(DefaultElementLocator.java:69)
	at org.openqa.selenium.support.pagefactory.internal.LocatingElementHandler.invoke(LocatingElementHandler.java:38)
	at com.sun.proxy.$Proxy9.click(Unknown Source)
	at com.demoapi.testcases.LoginTest.testForgot(LoginTest.java:55)
... Removed 28 stack frames]]>
    </failure>
  </testcase> <!-- testForgot -->
</testsuite> <!-- Regression -->
